#
# There is insufficient memory for the Java Runtime Environment to continue.
# Native memory allocation (malloc) failed to allocate 107536 bytes for Chunk::new
# Possible reasons:
#   The system is out of physical RAM or swap space
#   The process is running with CompressedOops enabled, and the Java Heap may be blocking the growth of the native heap
# Possible solutions:
#   Reduce memory load on the system
#   Increase physical memory or swap space
#   Check if swap backing store is full
#   Decrease Java heap size (-Xmx/-Xms)
#   Decrease number of Java threads
#   Decrease Java thread stack sizes (-Xss)
#   Set larger code cache with -XX:ReservedCodeCacheSize=
#   JVM is running with Unscaled Compressed Oops mode in which the Java heap is
#     placed in the first 4GB address space. The Java Heap base address is the
#     maximum limit for the native heap growth. Please use -XX:HeapBaseMinAddress
#     to set the Java Heap base and to place the Java Heap above 4GB virtual address.
# This output file may be truncated or incomplete.
#
#  Out of Memory Error (arena.cpp:195), pid=8984, tid=7284
#
# JRE version: OpenJDK Runtime Environment (16.0.1+9) (build 16.0.1+9-24)
# Java VM: OpenJDK 64-Bit Server VM (16.0.1+9-24, mixed mode, tiered, compressed oops, compressed class ptrs, g1 gc, windows-amd64)
# No core dump will be written. Minidumps are not enabled by default on client versions of Windows
#

---------------  S U M M A R Y ------------

Command Line: -Dfile.encoding=Cp1252 --module-path=C:\Users\Shubham\eclipse-workspace\BMS\bin;D:\mysql-connector-java-8.0.25\mysql-connector-java-8.0.25.jar;D:\jcalendar-tz-1.3.3-4.jar -XX:+ShowCodeDetailsInExceptionMessages -Djdk.module.main=BMS BMS/Bank.Signup3

Host: Intel(R) Core(TM) i5-7200U CPU @ 2.50GHz, 4 cores, 7G,  Windows 10 , 64 bit Build 19041 (10.0.19041.1023)
Time: Sat Jul 17 00:22:53 2021 India Standard Time elapsed time: 1.169262 seconds (0d 0h 0m 1s)

---------------  T H R E A D  ---------------

Current thread (0x000002396746b4b0):  JavaThread "C2 CompilerThread0" daemon [_thread_in_native, id=7284, stack(0x000000c0c0b00000,0x000000c0c0c00000)]


Current CompileTask:
C2:   1169 1130       4       java.util.concurrent.ConcurrentHashMap::get (162 bytes)

Stack: [0x000000c0c0b00000,0x000000c0c0c00000]
Native frames: (J=compiled Java code, j=interpreted, Vv=VM code, C=native code)
V  [jvm.dll+0x6687ca]
V  [jvm.dll+0x7ca3c9]
V  [jvm.dll+0x7cbb53]
V  [jvm.dll+0x7cc1b3]
V  [jvm.dll+0x242ea5]
V  [jvm.dll+0xadeca]
V  [jvm.dll+0xae5ac]
V  [jvm.dll+0x2a52cf]
V  [jvm.dll+0x574359]
V  [jvm.dll+0x21e6de]
V  [jvm.dll+0x217aec]
V  [jvm.dll+0x21524c]
V  [jvm.dll+0x1a1d9b]
V  [jvm.dll+0x2253a8]
V  [jvm.dll+0x2233ec]
V  [jvm.dll+0x780002]
V  [jvm.dll+0x779b4a]
V  [jvm.dll+0x667666]
C  [ucrtbase.dll+0x21bb2]
C  [KERNEL32.DLL+0x17034]
C  [ntdll.dll+0x52651]


---------------  P R O C E S S  ---------------

Threads class SMR info:
_java_thread_list=0x00000239684a4750, length=17, elements={
0x000002396742e420, 0x000002396742f560, 0x0000023968012010, 0x0000023968013b30,
0x0000023968016640, 0x000002396745ffb0, 0x000002396746b4b0, 0x000002396746dfb0,
0x0000023967478de0, 0x0000023968097ef0, 0x00000239682b6550, 0x0000023968418930,
0x00000239683fbfc0, 0x00000239684e09c0, 0x00000239684ada50, 0x000002396856f580,
0x000002394deb8ab0
}

Java Threads: ( => current thread )
  0x000002396742e420 JavaThread "Reference Handler" daemon [_thread_blocked, id=14504, stack(0x000000c0c0500000,0x000000c0c0600000)]
  0x000002396742f560 JavaThread "Finalizer" daemon [_thread_blocked, id=10252, stack(0x000000c0c0600000,0x000000c0c0700000)]
  0x0000023968012010 JavaThread "Signal Dispatcher" daemon [_thread_blocked, id=7356, stack(0x000000c0c0700000,0x000000c0c0800000)]
  0x0000023968013b30 JavaThread "Attach Listener" daemon [_thread_blocked, id=21104, stack(0x000000c0c0800000,0x000000c0c0900000)]
  0x0000023968016640 JavaThread "Service Thread" daemon [_thread_blocked, id=18716, stack(0x000000c0c0900000,0x000000c0c0a00000)]
  0x000002396745ffb0 JavaThread "Monitor Deflation Thread" daemon [_thread_blocked, id=18928, stack(0x000000c0c0a00000,0x000000c0c0b00000)]
=>0x000002396746b4b0 JavaThread "C2 CompilerThread0" daemon [_thread_in_native, id=7284, stack(0x000000c0c0b00000,0x000000c0c0c00000)]
  0x000002396746dfb0 JavaThread "C1 CompilerThread0" daemon [_thread_blocked, id=996, stack(0x000000c0c0c00000,0x000000c0c0d00000)]
  0x0000023967478de0 JavaThread "Sweeper thread" daemon [_thread_blocked, id=13304, stack(0x000000c0c0d00000,0x000000c0c0e00000)]
  0x0000023968097ef0 JavaThread "Common-Cleaner" daemon [_thread_blocked, id=17628, stack(0x000000c0c0e00000,0x000000c0c0f00000)]
  0x00000239682b6550 JavaThread "C2 CompilerThread1" daemon [_thread_in_native, id=26172, stack(0x000000c0c0f00000,0x000000c0c1000000)]
  0x0000023968418930 JavaThread "Notification Thread" daemon [_thread_blocked, id=1000, stack(0x000000c0c1000000,0x000000c0c1100000)]
  0x00000239683fbfc0 JavaThread "Java2D Disposer" daemon [_thread_blocked, id=12536, stack(0x000000c0c1200000,0x000000c0c1300000)]
  0x00000239684e09c0 JavaThread "AWT-Shutdown" [_thread_blocked, id=25352, stack(0x000000c0c1300000,0x000000c0c1400000)]
  0x00000239684ada50 JavaThread "AWT-Windows" daemon [_thread_in_native, id=18508, stack(0x000000c0c1400000,0x000000c0c1500000)]
  0x000002396856f580 JavaThread "AWT-EventQueue-0" [_thread_in_native, id=23808, stack(0x000000c0c1500000,0x000000c0c1600000)]
  0x000002394deb8ab0 JavaThread "DestroyJavaVM" [_thread_blocked, id=25572, stack(0x000000c0bfe00000,0x000000c0bff00000)]

Other Threads:
  0x0000023967419830 VMThread "VM Thread" [stack: 0x000000c0c0400000,0x000000c0c0500000] [id=9972]
  0x0000023968418e50 WatcherThread [stack: 0x000000c0c1100000,0x000000c0c1200000] [id=10036]
  0x000002394def7250 GCTaskThread "GC Thread#0" [stack: 0x000000c0bff00000,0x000000c0c0000000] [id=11220]
  0x00000239685a8060 GCTaskThread "GC Thread#1" [stack: 0x000000c0c1600000,0x000000c0c1700000] [id=24704]
  0x00000239685ac510 GCTaskThread "GC Thread#2" [stack: 0x000000c0c1700000,0x000000c0c1800000] [id=20268]
  0x00000239685ac820 GCTaskThread "GC Thread#3" [stack: 0x000000c0c1800000,0x000000c0c1900000] [id=18216]
  0x000002394df08770 ConcurrentGCThread "G1 Main Marker" [stack: 0x000000c0c0000000,0x000000c0c0100000] [id=14612]
  0x000002394df0a270 ConcurrentGCThread "G1 Conc#0" [stack: 0x000000c0c0100000,0x000000c0c0200000] [id=7024]
  0x000002394df83a20 ConcurrentGCThread "G1 Refine#0" [stack: 0x000000c0c0200000,0x000000c0c0300000] [id=1928]
  0x000002394df854b0 ConcurrentGCThread "G1 Service" [stack: 0x000000c0c0300000,0x000000c0c0400000] [id=3692]

Threads with active compile tasks:
C2 CompilerThread0     1198 1130       4       java.util.concurrent.ConcurrentHashMap::get (162 bytes)
C2 CompilerThread1     1198 1123   !   4       sun.font.TrueTypeFont::getTableBuffer (199 bytes)

VM state: not at safepoint (normal execution)

VM Mutex/Monitor currently owned by a thread: None

Heap address: 0x0000000081e00000, size: 2018 MB, Compressed Oops mode: 32-bit

CDS disabled.
Compressed class space mapped at: 0x0000000100000000-0x0000000140000000, reserved size: 1073741824
Narrow klass base: 0x0000000000000000, Narrow klass shift: 3, Narrow klass range: 0x140000000

GC Precious Log:
 CPUs: 4 total, 4 available
 Memory: 8066M
 Large Page Support: Disabled
 NUMA Support: Disabled
 Compressed Oops: Enabled (32-bit)
 Heap Region Size: 1M
 Heap Min Capacity: 8M
 Heap Initial Capacity: 128M
 Heap Max Capacity: 2018M
 Pre-touch: Disabled
 Parallel Workers: 4
 Concurrent Workers: 1
 Concurrent Refinement Workers: 4
 Periodic GC: Disabled

Heap:
 garbage-first heap   total 131072K, used 7856K [0x0000000081e00000, 0x0000000100000000)
  region size 1024K, 5 young (5120K), 2 survivors (2048K)
 Metaspace       used 14106K, committed 14272K, reserved 1064960K
  class space    used 1388K, committed 1472K, reserved 1048576K

Heap Regions: E=young(eden), S=young(survivor), O=old, HS=humongous(starts), HC=humongous(continues), CS=collection set, F=free, OA=open archive, CA=closed archive, TAMS=top-at-mark-start (previous, next)
|   0|0x0000000081e00000, 0x0000000081f00000, 0x0000000081f00000|100%|HS|  |TAMS 0x0000000081e00000, 0x0000000081e00000| Complete 
|   1|0x0000000081f00000, 0x0000000082000000, 0x0000000082000000|100%|HC|  |TAMS 0x0000000081f00000, 0x0000000081f00000| Complete 
|   2|0x0000000082000000, 0x0000000082100000, 0x0000000082100000|100%|HC|  |TAMS 0x0000000082000000, 0x0000000082000000| Complete 
|   3|0x0000000082100000, 0x00000000821ac000, 0x0000000082200000| 67%| O|  |TAMS 0x0000000082100000, 0x0000000082100000| Untracked 
|   4|0x0000000082200000, 0x0000000082200000, 0x0000000082300000|  0%| F|  |TAMS 0x0000000082200000, 0x0000000082200000| Untracked 
|   5|0x0000000082300000, 0x0000000082300000, 0x0000000082400000|  0%| F|  |TAMS 0x0000000082300000, 0x0000000082300000| Untracked 
|   6|0x0000000082400000, 0x0000000082400000, 0x0000000082500000|  0%| F|  |TAMS 0x0000000082400000, 0x0000000082400000| Untracked 
|   7|0x0000000082500000, 0x0000000082500000, 0x0000000082600000|  0%| F|  |TAMS 0x0000000082500000, 0x0000000082500000| Untracked 
|   8|0x0000000082600000, 0x0000000082600000, 0x0000000082700000|  0%| F|  |TAMS 0x0000000082600000, 0x0000000082600000| Untracked 
|   9|0x0000000082700000, 0x0000000082700000, 0x0000000082800000|  0%| F|  |TAMS 0x0000000082700000, 0x0000000082700000| Untracked 
|  10|0x0000000082800000, 0x0000000082800000, 0x0000000082900000|  0%| F|  |TAMS 0x0000000082800000, 0x0000000082800000| Untracked 
|  11|0x0000000082900000, 0x0000000082900000, 0x0000000082a00000|  0%| F|  |TAMS 0x0000000082900000, 0x0000000082900000| Untracked 
|  12|0x0000000082a00000, 0x0000000082a00000, 0x0000000082b00000|  0%| F|  |TAMS 0x0000000082a00000, 0x0000000082a00000| Untracked 
|  13|0x0000000082b00000, 0x0000000082b00000, 0x0000000082c00000|  0%| F|  |TAMS 0x0000000082b00000, 0x0000000082b00000| Untracked 
|  14|0x0000000082c00000, 0x0000000082c00000, 0x0000000082d00000|  0%| F|  |TAMS 0x0000000082c00000, 0x0000000082c00000| Untracked 
|  15|0x0000000082d00000, 0x0000000082d00000, 0x0000000082e00000|  0%| F|  |TAMS 0x0000000082d00000, 0x0000000082d00000| Untracked 
|  16|0x0000000082e00000, 0x0000000082e00000, 0x0000000082f00000|  0%| F|  |TAMS 0x0000000082e00000, 0x0000000082e00000| Untracked 
|  17|0x0000000082f00000, 0x0000000082f00000, 0x0000000083000000|  0%| F|  |TAMS 0x0000000082f00000, 0x0000000082f00000| Untracked 
|  18|0x0000000083000000, 0x0000000083000000, 0x0000000083100000|  0%| F|  |TAMS 0x0000000083000000, 0x0000000083000000| Untracked 
|  19|0x0000000083100000, 0x0000000083100000, 0x0000000083200000|  0%| F|  |TAMS 0x0000000083100000, 0x0000000083100000| Untracked 
|  20|0x0000000083200000, 0x0000000083200000, 0x0000000083300000|  0%| F|  |TAMS 0x0000000083200000, 0x0000000083200000| Untracked 
|  21|0x0000000083300000, 0x0000000083300000, 0x0000000083400000|  0%| F|  |TAMS 0x0000000083300000, 0x0000000083300000| Untracked 
|  22|0x0000000083400000, 0x0000000083400000, 0x0000000083500000|  0%| F|  |TAMS 0x0000000083400000, 0x0000000083400000| Untracked 
|  23|0x0000000083500000, 0x0000000083500000, 0x0000000083600000|  0%| F|  |TAMS 0x0000000083500000, 0x0000000083500000| Untracked 
|  24|0x0000000083600000, 0x0000000083600000, 0x0000000083700000|  0%| F|  |TAMS 0x0000000083600000, 0x0000000083600000| Untracked 
|  25|0x0000000083700000, 0x0000000083700000, 0x0000000083800000|  0%| F|  |TAMS 0x0000000083700000, 0x0000000083700000| Untracked 
|  26|0x0000000083800000, 0x0000000083800000, 0x0000000083900000|  0%| F|  |TAMS 0x0000000083800000, 0x0000000083800000| Untracked 
|  27|0x0000000083900000, 0x0000000083900000, 0x0000000083a00000|  0%| F|  |TAMS 0x0000000083900000, 0x0000000083900000| Untracked 
|  28|0x0000000083a00000, 0x0000000083a00000, 0x0000000083b00000|  0%| F|  |TAMS 0x0000000083a00000, 0x0000000083a00000| Untracked 
|  29|0x0000000083b00000, 0x0000000083b00000, 0x0000000083c00000|  0%| F|  |TAMS 0x0000000083b00000, 0x0000000083b00000| Untracked 
|  30|0x0000000083c00000, 0x0000000083c00000, 0x0000000083d00000|  0%| F|  |TAMS 0x0000000083c00000, 0x0000000083c00000| Untracked 
|  31|0x0000000083d00000, 0x0000000083d00000, 0x0000000083e00000|  0%| F|  |TAMS 0x0000000083d00000, 0x0000000083d00000| Untracked 
|  32|0x0000000083e00000, 0x0000000083e00000, 0x0000000083f00000|  0%| F|  |TAMS 0x0000000083e00000, 0x0000000083e00000| Untracked 
|  33|0x0000000083f00000, 0x0000000083f00000, 0x0000000084000000|  0%| F|  |TAMS 0x0000000083f00000, 0x0000000083f00000| Untracked 
|  34|0x0000000084000000, 0x0000000084000000, 0x0000000084100000|  0%| F|  |TAMS 0x0000000084000000, 0x0000000084000000| Untracked 
|  35|0x0000000084100000, 0x0000000084100000, 0x0000000084200000|  0%| F|  |TAMS 0x0000000084100000, 0x0000000084100000| Untracked 
|  36|0x0000000084200000, 0x0000000084200000, 0x0000000084300000|  0%| F|  |TAMS 0x0000000084200000, 0x0000000084200000| Untracked 
|  37|0x0000000084300000, 0x0000000084300000, 0x0000000084400000|  0%| F|  |TAMS 0x0000000084300000, 0x0000000084300000| Untracked 
|  38|0x0000000084400000, 0x0000000084400000, 0x0000000084500000|  0%| F|  |TAMS 0x0000000084400000, 0x0000000084400000| Untracked 
|  39|0x0000000084500000, 0x0000000084500000, 0x0000000084600000|  0%| F|  |TAMS 0x0000000084500000, 0x0000000084500000| Untracked 
|  40|0x0000000084600000, 0x0000000084600000, 0x0000000084700000|  0%| F|  |TAMS 0x0000000084600000, 0x0000000084600000| Untracked 
|  41|0x0000000084700000, 0x0000000084700000, 0x0000000084800000|  0%| F|  |TAMS 0x0000000084700000, 0x0000000084700000| Untracked 
|  42|0x0000000084800000, 0x0000000084800000, 0x0000000084900000|  0%| F|  |TAMS 0x0000000084800000, 0x0000000084800000| Untracked 
|  43|0x0000000084900000, 0x0000000084900000, 0x0000000084a00000|  0%| F|  |TAMS 0x0000000084900000, 0x0000000084900000| Untracked 
|  44|0x0000000084a00000, 0x0000000084a00000, 0x0000000084b00000|  0%| F|  |TAMS 0x0000000084a00000, 0x0000000084a00000| Untracked 
|  45|0x0000000084b00000, 0x0000000084b00000, 0x0000000084c00000|  0%| F|  |TAMS 0x0000000084b00000, 0x0000000084b00000| Untracked 
|  46|0x0000000084c00000, 0x0000000084c00000, 0x0000000084d00000|  0%| F|  |TAMS 0x0000000084c00000, 0x0000000084c00000| Untracked 
|  47|0x0000000084d00000, 0x0000000084d00000, 0x0000000084e00000|  0%| F|  |TAMS 0x0000000084d00000, 0x0000000084d00000| Untracked 
|  48|0x0000000084e00000, 0x0000000084e00000, 0x0000000084f00000|  0%| F|  |TAMS 0x0000000084e00000, 0x0000000084e00000| Untracked 
|  49|0x0000000084f00000, 0x0000000084f00000, 0x0000000085000000|  0%| F|  |TAMS 0x0000000084f00000, 0x0000000084f00000| Untracked 
|  50|0x0000000085000000, 0x0000000085000000, 0x0000000085100000|  0%| F|  |TAMS 0x0000000085000000, 0x0000000085000000| Untracked 
|  51|0x0000000085100000, 0x0000000085100000, 0x0000000085200000|  0%| F|  |TAMS 0x0000000085100000, 0x0000000085100000| Untracked 
|  52|0x0000000085200000, 0x0000000085200000, 0x0000000085300000|  0%| F|  |TAMS 0x0000000085200000, 0x0000000085200000| Untracked 
|  53|0x0000000085300000, 0x0000000085300000, 0x0000000085400000|  0%| F|  |TAMS 0x0000000085300000, 0x0000000085300000| Untracked 
|  54|0x0000000085400000, 0x0000000085400000, 0x0000000085500000|  0%| F|  |TAMS 0x0000000085400000, 0x0000000085400000| Untracked 
|  55|0x0000000085500000, 0x0000000085500000, 0x0000000085600000|  0%| F|  |TAMS 0x0000000085500000, 0x0000000085500000| Untracked 
|  56|0x0000000085600000, 0x0000000085600000, 0x0000000085700000|  0%| F|  |TAMS 0x0000000085600000, 0x0000000085600000| Untracked 
|  57|0x0000000085700000, 0x0000000085700000, 0x0000000085800000|  0%| F|  |TAMS 0x0000000085700000, 0x0000000085700000| Untracked 
|  58|0x0000000085800000, 0x0000000085800000, 0x0000000085900000|  0%| F|  |TAMS 0x0000000085800000, 0x0000000085800000| Untracked 
|  59|0x0000000085900000, 0x0000000085900000, 0x0000000085a00000|  0%| F|  |TAMS 0x0000000085900000, 0x0000000085900000| Untracked 
|  60|0x0000000085a00000, 0x0000000085a00000, 0x0000000085b00000|  0%| F|  |TAMS 0x0000000085a00000, 0x0000000085a00000| Untracked 
|  61|0x0000000085b00000, 0x0000000085b00000, 0x0000000085c00000|  0%| F|  |TAMS 0x0000000085b00000, 0x0000000085b00000| Untracked 
|  62|0x0000000085c00000, 0x0000000085c00000, 0x0000000085d00000|  0%| F|  |TAMS 0x0000000085c00000, 0x0000000085c00000| Untracked 
|  63|0x0000000085d00000, 0x0000000085d00000, 0x0000000085e00000|  0%| F|  |TAMS 0x0000000085d00000, 0x0000000085d00000| Untracked 
|  64|0x0000000085e00000, 0x0000000085e00000, 0x0000000085f00000|  0%| F|  |TAMS 0x0000000085e00000, 0x0000000085e00000| Untracked 
|  65|0x0000000085f00000, 0x0000000085f00000, 0x0000000086000000|  0%| F|  |TAMS 0x0000000085f00000, 0x0000000085f00000| Untracked 
|  66|0x0000000086000000, 0x0000000086000000, 0x0000000086100000|  0%| F|  |TAMS 0x0000000086000000, 0x0000000086000000| Untracked 
|  67|0x0000000086100000, 0x0000000086100000, 0x0000000086200000|  0%| F|  |TAMS 0x0000000086100000, 0x0000000086100000| Untracked 
|  68|0x0000000086200000, 0x0000000086200000, 0x0000000086300000|  0%| F|  |TAMS 0x0000000086200000, 0x0000000086200000| Untracked 
|  69|0x0000000086300000, 0x0000000086300000, 0x0000000086400000|  0%| F|  |TAMS 0x0000000086300000, 0x0000000086300000| Untracked 
|  70|0x0000000086400000, 0x0000000086400000, 0x0000000086500000|  0%| F|  |TAMS 0x0000000086400000, 0x0000000086400000| Untracked 
|  71|0x0000000086500000, 0x0000000086500000, 0x0000000086600000|  0%| F|  |TAMS 0x0000000086500000, 0x0000000086500000| Untracked 
|  72|0x0000000086600000, 0x0000000086600000, 0x0000000086700000|  0%| F|  |TAMS 0x0000000086600000, 0x0000000086600000| Untracked 
|  73|0x0000000086700000, 0x0000000086700000, 0x0000000086800000|  0%| F|  |TAMS 0x0000000086700000, 0x0000000086700000| Untracked 
|  74|0x0000000086800000, 0x0000000086800000, 0x0000000086900000|  0%| F|  |TAMS 0x0000000086800000, 0x0000000086800000| Untracked 
|  75|0x0000000086900000, 0x0000000086900000, 0x0000000086a00000|  0%| F|  |TAMS 0x0000000086900000, 0x0000000086900000| Untracked 
|  76|0x0000000086a00000, 0x0000000086a00000, 0x0000000086b00000|  0%| F|  |TAMS 0x0000000086a00000, 0x0000000086a00000| Untracked 
|  77|0x0000000086b00000, 0x0000000086b00000, 0x0000000086c00000|  0%| F|  |TAMS 0x0000000086b00000, 0x0000000086b00000| Untracked 
|  78|0x0000000086c00000, 0x0000000086c00000, 0x0000000086d00000|  0%| F|  |TAMS 0x0000000086c00000, 0x0000000086c00000| Untracked 
|  79|0x0000000086d00000, 0x0000000086d00000, 0x0000000086e00000|  0%| F|  |TAMS 0x0000000086d00000, 0x0000000086d00000| Untracked 
|  80|0x0000000086e00000, 0x0000000086e00000, 0x0000000086f00000|  0%| F|  |TAMS 0x0000000086e00000, 0x0000000086e00000| Untracked 
|  81|0x0000000086f00000, 0x0000000086f00000, 0x0000000087000000|  0%| F|  |TAMS 0x0000000086f00000, 0x0000000086f00000| Untracked 
|  82|0x0000000087000000, 0x0000000087000000, 0x0000000087100000|  0%| F|  |TAMS 0x0000000087000000, 0x0000000087000000| Untracked 
|  83|0x0000000087100000, 0x0000000087100000, 0x0000000087200000|  0%| F|  |TAMS 0x0000000087100000, 0x0000000087100000| Untracked 
|  84|0x0000000087200000, 0x0000000087200000, 0x0000000087300000|  0%| F|  |TAMS 0x0000000087200000, 0x0000000087200000| Untracked 
|  85|0x0000000087300000, 0x0000000087300000, 0x0000000087400000|  0%| F|  |TAMS 0x0000000087300000, 0x0000000087300000| Untracked 
|  86|0x0000000087400000, 0x0000000087400000, 0x0000000087500000|  0%| F|  |TAMS 0x0000000087400000, 0x0000000087400000| Untracked 
|  87|0x0000000087500000, 0x0000000087500000, 0x0000000087600000|  0%| F|  |TAMS 0x0000000087500000, 0x0000000087500000| Untracked 
|  88|0x0000000087600000, 0x0000000087600000, 0x0000000087700000|  0%| F|  |TAMS 0x0000000087600000, 0x0000000087600000| Untracked 
|  89|0x0000000087700000, 0x0000000087700000, 0x0000000087800000|  0%| F|  |TAMS 0x0000000087700000, 0x0000000087700000| Untracked 
|  90|0x0000000087800000, 0x0000000087800000, 0x0000000087900000|  0%| F|  |TAMS 0x0000000087800000, 0x0000000087800000| Untracked 
|  91|0x0000000087900000, 0x0000000087900000, 0x0000000087a00000|  0%| F|  |TAMS 0x0000000087900000, 0x0000000087900000| Untracked 
|  92|0x0000000087a00000, 0x0000000087a00000, 0x0000000087b00000|  0%| F|  |TAMS 0x0000000087a00000, 0x0000000087a00000| Untracked 
|  93|0x0000000087b00000, 0x0000000087b00000, 0x0000000087c00000|  0%| F|  |TAMS 0x0000000087b00000, 0x0000000087b00000| Untracked 
|  94|0x0000000087c00000, 0x0000000087c00000, 0x0000000087d00000|  0%| F|  |TAMS 0x0000000087c00000, 0x0000000087c00000| Untracked 
|  95|0x0000000087d00000, 0x0000000087d00000, 0x0000000087e00000|  0%| F|  |TAMS 0x0000000087d00000, 0x0000000087d00000| Untracked 
|  96|0x0000000087e00000, 0x0000000087e00000, 0x0000000087f00000|  0%| F|  |TAMS 0x0000000087e00000, 0x0000000087e00000| Untracked 
|  97|0x0000000087f00000, 0x0000000087f00000, 0x0000000088000000|  0%| F|  |TAMS 0x0000000087f00000, 0x0000000087f00000| Untracked 
|  98|0x0000000088000000, 0x0000000088000000, 0x0000000088100000|  0%| F|  |TAMS 0x0000000088000000, 0x0000000088000000| Untracked 
|  99|0x0000000088100000, 0x0000000088100000, 0x0000000088200000|  0%| F|  |TAMS 0x0000000088100000, 0x0000000088100000| Untracked 
| 100|0x0000000088200000, 0x0000000088200000, 0x0000000088300000|  0%| F|  |TAMS 0x0000000088200000, 0x0000000088200000| Untracked 
| 101|0x0000000088300000, 0x0000000088300000, 0x0000000088400000|  0%| F|  |TAMS 0x0000000088300000, 0x0000000088300000| Untracked 
| 102|0x0000000088400000, 0x0000000088400000, 0x0000000088500000|  0%| F|  |TAMS 0x0000000088400000, 0x0000000088400000| Untracked 
| 103|0x0000000088500000, 0x0000000088500000, 0x0000000088600000|  0%| F|  |TAMS 0x0000000088500000, 0x0000000088500000| Untracked 
| 104|0x0000000088600000, 0x0000000088600000, 0x0000000088700000|  0%| F|  |TAMS 0x0000000088600000, 0x0000000088600000| Untracked 
| 105|0x0000000088700000, 0x0000000088700000, 0x0000000088800000|  0%| F|  |TAMS 0x0000000088700000, 0x0000000088700000| Untracked 
| 106|0x0000000088800000, 0x0000000088800000, 0x0000000088900000|  0%| F|  |TAMS 0x0000000088800000, 0x0000000088800000| Untracked 
| 107|0x0000000088900000, 0x0000000088900000, 0x0000000088a00000|  0%| F|  |TAMS 0x0000000088900000, 0x0000000088900000| Untracked 
| 108|0x0000000088a00000, 0x0000000088a00000, 0x0000000088b00000|  0%| F|  |TAMS 0x0000000088a00000, 0x0000000088a00000| Untracked 
| 109|0x0000000088b00000, 0x0000000088b00000, 0x0000000088c00000|  0%| F|  |TAMS 0x0000000088b00000, 0x0000000088b00000| Untracked 
| 110|0x0000000088c00000, 0x0000000088c00000, 0x0000000088d00000|  0%| F|  |TAMS 0x0000000088c00000, 0x0000000088c00000| Untracked 
| 111|0x0000000088d00000, 0x0000000088d00000, 0x0000000088e00000|  0%| F|  |TAMS 0x0000000088d00000, 0x0000000088d00000| Untracked 
| 112|0x0000000088e00000, 0x0000000088e00000, 0x0000000088f00000|  0%| F|  |TAMS 0x0000000088e00000, 0x0000000088e00000| Untracked 
| 113|0x0000000088f00000, 0x0000000089000000, 0x0000000089000000|100%| S|CS|TAMS 0x0000000088f00000, 0x0000000088f00000| Complete 
| 114|0x0000000089000000, 0x0000000089100000, 0x0000000089100000|100%| S|CS|TAMS 0x0000000089000000, 0x0000000089000000| Complete 
| 115|0x0000000089100000, 0x0000000089100000, 0x0000000089200000|  0%| F|  |TAMS 0x0000000089100000, 0x0000000089100000| Untracked 
| 116|0x0000000089200000, 0x0000000089200000, 0x0000000089300000|  0%| F|  |TAMS 0x0000000089200000, 0x0000000089200000| Untracked 
| 117|0x0000000089300000, 0x0000000089300000, 0x0000000089400000|  0%| F|  |TAMS 0x0000000089300000, 0x0000000089300000| Untracked 
| 118|0x0000000089400000, 0x0000000089400000, 0x0000000089500000|  0%| F|  |TAMS 0x0000000089400000, 0x0000000089400000| Untracked 
| 119|0x0000000089500000, 0x0000000089500000, 0x0000000089600000|  0%| F|  |TAMS 0x0000000089500000, 0x0000000089500000| Untracked 
| 120|0x0000000089600000, 0x0000000089600000, 0x0000000089700000|  0%| F|  |TAMS 0x0000000089600000, 0x0000000089600000| Untracked 
| 121|0x0000000089700000, 0x0000000089700000, 0x0000000089800000|  0%| F|  |TAMS 0x0000000089700000, 0x0000000089700000| Untracked 
| 122|0x0000000089800000, 0x0000000089800000, 0x0000000089900000|  0%| F|  |TAMS 0x0000000089800000, 0x0000000089800000| Untracked 
| 123|0x0000000089900000, 0x0000000089900000, 0x0000000089a00000|  0%| F|  |TAMS 0x0000000089900000, 0x0000000089900000| Untracked 
| 124|0x0000000089a00000, 0x0000000089a00000, 0x0000000089b00000|  0%| F|  |TAMS 0x0000000089a00000, 0x0000000089a00000| Untracked 
| 125|0x0000000089b00000, 0x0000000089bfe4d0, 0x0000000089c00000| 99%| E|  |TAMS 0x0000000089b00000, 0x0000000089b00000| Complete 
| 126|0x0000000089c00000, 0x0000000089d00000, 0x0000000089d00000|100%| E|CS|TAMS 0x0000000089c00000, 0x0000000089c00000| Complete 
| 127|0x0000000089d00000, 0x0000000089e00000, 0x0000000089e00000|100%| E|CS|TAMS 0x0000000089d00000, 0x0000000089d00000| Complete 

Card table byte_map: [0x0000023960830000,0x0000023960c30000] _byte_map_base: 0x0000023960421000

Marking Bits (Prev, Next): (CMBitMap*) 0x000002394def7940, (CMBitMap*) 0x000002394def7980
 Prev Bits: [0x0000023961030000, 0x0000023962fb8000)
 Next Bits: [0x0000023962fc0000, 0x0000023964f48000)

Polling page: 0x000002394bde0000

Metaspace:

Usage:
  Non-class:     12.42 MB used.
      Class:      1.36 MB used.
       Both:     13.78 MB used.

Virtual space:
  Non-class space:       16.00 MB reserved,      12.50 MB ( 78%) committed,  2 nodes.
      Class space:        1.00 GB reserved,       1.44 MB ( <1%) committed,  1 nodes.
              Both:        1.02 GB reserved,      13.94 MB (  1%) committed. 

Chunk freelists:
   Non-Class:  3.00 MB
       Class:  2.61 MB
        Both:  5.61 MB

MaxMetaspaceSize: 17179869184.00 GB
CompressedClassSpaceSize: 1.00 GB
 - commit_granule_bytes: 65536.
 - commit_granule_words: 8192.
 - virtual_space_node_default_size: 1048576.
 - enlarge_chunks_in_place: 1.
 - new_chunks_are_fully_committed: 0.
 - uncommit_free_chunks: 1.
 - use_allocation_guard: 0.
 - handle_deallocations: 1.


Internal statistics:

num_allocs_failed_limit: 0.
num_arena_births: 116.
num_arena_deaths: 0.
num_vsnodes_births: 3.
num_vsnodes_deaths: 0.
num_space_committed: 223.
num_space_uncommitted: 0.
num_chunks_returned_to_freelist: 0.
num_chunks_taken_from_freelist: 172.
num_chunk_merges: 0.
num_chunk_splits: 96.
num_chunks_enlarged: 49.
num_purges: 0.

CodeHeap 'non-profiled nmethods': size=120000Kb used=315Kb max_used=315Kb free=119684Kb
 bounds [0x0000023958f00000, 0x0000023959170000, 0x0000023960430000]
CodeHeap 'profiled nmethods': size=120000Kb used=1853Kb max_used=1853Kb free=118146Kb
 bounds [0x00000239519d0000, 0x0000023951c40000, 0x0000023958f00000]
CodeHeap 'non-nmethods': size=5760Kb used=1245Kb max_used=1253Kb free=4514Kb
 bounds [0x0000023951430000, 0x00000239516a0000, 0x00000239519d0000]
 total_blobs=1689 nmethods=1132 adapters=470
 compilation: enabled
              stopped_count=0, restarted_count=0
 full_count=0

Compilation events (20 events):
Event: 1.148 Thread 0x00000239682b6550 nmethod 1121 0x0000023958f4d310 code [0x0000023958f4d480, 0x0000023958f4d518]
Event: 1.148 Thread 0x00000239682b6550 1122       4       java.nio.ByteBuffer::limit (6 bytes)
Event: 1.149 Thread 0x00000239682b6550 nmethod 1122 0x0000023958f4d610 code [0x0000023958f4d7a0, 0x0000023958f4d8b8]
Event: 1.152 Thread 0x00000239682b6550 1123   !   4       sun.font.TrueTypeFont::getTableBuffer (199 bytes)
Event: 1.153 Thread 0x000002396746b4b0 nmethod 1120 0x0000023958f4da10 code [0x0000023958f4dba0, 0x0000023958f4df58]
Event: 1.159 Thread 0x000002396746dfb0 1124   !   3       jdk.internal.misc.ScopedMemoryAccess::getCharUnaligned (22 bytes)
Event: 1.159 Thread 0x000002396746b4b0 1128       4       java.nio.Buffer::nextGetIndex (30 bytes)
Event: 1.160 Thread 0x000002396746dfb0 nmethod 1124 0x0000023951b9b990 code [0x0000023951b9bb80, 0x0000023951b9c108]
Event: 1.160 Thread 0x000002396746dfb0 1125   !   3       jdk.internal.misc.ScopedMemoryAccess::getCharUnalignedInternal (38 bytes)
Event: 1.160 Thread 0x000002396746b4b0 nmethod 1128 0x0000023958f4e110 code [0x0000023958f4e2a0, 0x0000023958f4e358]
Event: 1.160 Thread 0x000002396746dfb0 nmethod 1125 0x0000023951b9c410 code [0x0000023951b9c5e0, 0x0000023951b9c978]
Event: 1.160 Thread 0x000002396746dfb0 1127       3       java.nio.ByteBufferAsCharBufferB::byteOffset (9 bytes)
Event: 1.160 Thread 0x000002396746dfb0 nmethod 1127 0x0000023951b9cb90 code [0x0000023951b9cd20, 0x0000023951b9ce38]
Event: 1.160 Thread 0x000002396746dfb0 1126       3       java.nio.ByteBufferAsCharBufferB::get (30 bytes)
Event: 1.160 Thread 0x000002396746b4b0 1129       4       java.nio.ByteBufferAsCharBufferB::byteOffset (9 bytes)
Event: 1.161 Thread 0x000002396746dfb0 nmethod 1126 0x0000023951b9cf10 code [0x0000023951b9d160, 0x0000023951b9dac8]
Event: 1.161 Thread 0x000002396746b4b0 nmethod 1129 0x0000023958f4e410 code [0x0000023958f4e580, 0x0000023958f4e5f8]
Event: 1.164 Thread 0x000002396746b4b0 1130       4       java.util.concurrent.ConcurrentHashMap::get (162 bytes)
Event: 1.166 Thread 0x000002396746dfb0 1131       3       sun.invoke.util.Wrapper::forBasicType (16 bytes)
Event: 1.166 Thread 0x000002396746dfb0 nmethod 1131 0x0000023951b9df10 code [0x0000023951b9e0c0, 0x0000023951b9e268]

GC Heap History (2 events):
Event: 1.127 GC heap before
{Heap before GC invocations=0 (full 0):
 garbage-first heap   total 131072K, used 16384K [0x0000000081e00000, 0x0000000100000000)
  region size 1024K, 13 young (13312K), 0 survivors (0K)
 Metaspace       used 13870K, committed 14080K, reserved 1064960K
  class space    used 1360K, committed 1472K, reserved 1048576K
}
Event: 1.132 GC heap after
{Heap after GC invocations=1 (full 0):
 garbage-first heap   total 131072K, used 5808K [0x0000000081e00000, 0x0000000100000000)
  region size 1024K, 2 young (2048K), 2 survivors (2048K)
 Metaspace       used 13870K, committed 14080K, reserved 1064960K
  class space    used 1360K, committed 1472K, reserved 1048576K
}

Deoptimization events (20 events):
Event: 0.767 Thread 0x000002394deb8ab0 Uncommon trap: trap_request=0xffffff45 fr.pc=0x0000023958f04b7c relative=0x000000000000005c
Event: 0.767 Thread 0x000002394deb8ab0 Uncommon trap: reason=unstable_if action=reinterpret pc=0x0000023958f04b7c method=java.lang.String.isLatin1()Z @ 10 c2
Event: 0.767 Thread 0x000002394deb8ab0 DEOPT PACKING pc=0x0000023958f04b7c sp=0x000000c0bfefd440
Event: 0.767 Thread 0x000002394deb8ab0 DEOPT UNPACKING pc=0x000002395147d72e sp=0x000000c0bfefd3d0 mode 2
Event: 0.875 Thread 0x000002396856f580 Uncommon trap: trap_request=0xffffff45 fr.pc=0x0000023958f3a718 relative=0x00000000000004d8
Event: 0.875 Thread 0x000002396856f580 Uncommon trap: reason=unstable_if action=reinterpret pc=0x0000023958f3a718 method=java.lang.StringLatin1.toLowerCase(Ljava/lang/String;[BLjava/util/Locale;)Ljava/lang/String; @ 43 c2
Event: 0.875 Thread 0x000002396856f580 DEOPT PACKING pc=0x0000023958f3a718 sp=0x000000c0c15fd0f0
Event: 0.875 Thread 0x000002396856f580 DEOPT UNPACKING pc=0x000002395147d72e sp=0x000000c0c15fd060 mode 2
Event: 1.087 Thread 0x000002396856f580 Uncommon trap: trap_request=0xffffff45 fr.pc=0x0000023958f0e050 relative=0x0000000000000230
Event: 1.087 Thread 0x000002396856f580 Uncommon trap: reason=unstable_if action=reinterpret pc=0x0000023958f0e050 method=java.lang.String.isLatin1()Z @ 10 c2
Event: 1.087 Thread 0x000002396856f580 DEOPT PACKING pc=0x0000023958f0e050 sp=0x000000c0c15fd0e0
Event: 1.087 Thread 0x000002396856f580 DEOPT UNPACKING pc=0x000002395147d72e sp=0x000000c0c15fd010 mode 2
Event: 1.092 Thread 0x000002396856f580 Uncommon trap: trap_request=0xffffff45 fr.pc=0x0000023958f0e9e8 relative=0x0000000000000048
Event: 1.092 Thread 0x000002396856f580 Uncommon trap: reason=unstable_if action=reinterpret pc=0x0000023958f0e9e8 method=java.lang.CharacterData.of(I)Ljava/lang/CharacterData; @ 4 c2
Event: 1.092 Thread 0x000002396856f580 DEOPT PACKING pc=0x0000023958f0e9e8 sp=0x000000c0c15fd0e0
Event: 1.092 Thread 0x000002396856f580 DEOPT UNPACKING pc=0x000002395147d72e sp=0x000000c0c15fd080 mode 2
Event: 1.116 Thread 0x000002396856f580 Uncommon trap: trap_request=0xffffff45 fr.pc=0x0000023958f47898 relative=0x00000000000003d8
Event: 1.116 Thread 0x000002396856f580 Uncommon trap: reason=unstable_if action=reinterpret pc=0x0000023958f47898 method=java.lang.Character.isSurrogate(C)Z @ 3 c2
Event: 1.116 Thread 0x000002396856f580 DEOPT PACKING pc=0x0000023958f47898 sp=0x000000c0c15fcdd0
Event: 1.116 Thread 0x000002396856f580 DEOPT UNPACKING pc=0x000002395147d72e sp=0x000000c0c15fcce8 mode 2

Classes unloaded (0 events):
No events

Classes redefined (0 events):
No events

Internal exceptions (20 events):
Event: 0.374 Thread 0x000002394deb8ab0 Exception <a 'java/lang/NoSuchMethodError'{0x0000000089bbf748}: 'java.lang.Object java.lang.invoke.DirectMethodHandle$Holder.invokeInterface(java.lang.Object, java.lang.Object)'> (0x0000000089bbf748) 
thrown [t:\workspace\open\src\hotspot\share\interpreter\linkResolver.cpp, line 790]
Event: 0.374 Thread 0x000002394deb8ab0 Exception <a 'java/lang/IncompatibleClassChangeError'{0x0000000089bc2e98}: Found class java.lang.Object, but interface was expected> (0x0000000089bc2e98) 
thrown [t:\workspace\open\src\hotspot\share\interpreter\linkResolver.cpp, line 857]
Event: 0.375 Thread 0x000002394deb8ab0 Exception <a 'java/lang/NoSuchMethodError'{0x0000000089bc5cc0}: 'void java.lang.invoke.DirectMethodHandle$Holder.invokeStatic(java.lang.Object, java.lang.Object, java.lang.Object, java.lang.Object)'> (0x0000000089bc5cc0) 
thrown [t:\workspace\open\src\hotspot\share\interpreter\linkResolver.cpp, line 790]
Event: 0.438 Thread 0x000002394deb8ab0 Exception <a 'sun/nio/fs/WindowsException'{0x0000000089a64890}> (0x0000000089a64890) 
thrown [t:\workspace\open\src\hotspot\share\prims\jni.cpp, line 579]
Event: 0.448 Thread 0x000002394deb8ab0 Exception <a 'java/lang/ClassNotFoundException'{0x0000000089a6e588}: sun/awt/resources/spi/awtProvider> (0x0000000089a6e588) 
thrown [t:\workspace\open\src\hotspot\share\classfile\systemDictionary.cpp, line 256]
Event: 0.489 Thread 0x000002394deb8ab0 Exception <a 'java/io/FileNotFoundException'{0x0000000089ac3260}> (0x0000000089ac3260) 
thrown [t:\workspace\open\src\hotspot\share\prims\jni.cpp, line 579]
Event: 0.504 Thread 0x000002394deb8ab0 Exception <a 'java/io/FileNotFoundException'{0x0000000089af1d78}> (0x0000000089af1d78) 
thrown [t:\workspace\open\src\hotspot\share\prims\jni.cpp, line 579]
Event: 0.504 Thread 0x000002394deb8ab0 Exception <a 'java/lang/NoSuchMethodError'{0x0000000089af2fc0}: 'java.lang.Object java.lang.invoke.DirectMethodHandle$Holder.invokeStatic(java.lang.Object)'> (0x0000000089af2fc0) 
thrown [t:\workspace\open\src\hotspot\share\interpreter\linkResolver.cpp, line 790]
Event: 0.582 Thread 0x000002394deb8ab0 Exception <a 'java/lang/NoSuchMethodError'{0x0000000089948798}: 'java.lang.Object java.lang.invoke.DirectMethodHandle$Holder.invokeStaticInit(java.lang.Object)'> (0x0000000089948798) 
thrown [t:\workspace\open\src\hotspot\share\interpreter\linkResolver.cpp, line 790]
Event: 0.654 Thread 0x000002394deb8ab0 Exception <a 'java/lang/NoSuchMethodError'{0x00000000899faf28}: 'java.lang.Object java.lang.invoke.DirectMethodHandle$Holder.newInvokeSpecial(java.lang.Object, java.lang.Object, java.lang.Object, java.lang.Object, java.lang.Object)'> (0x00000000899faf28) 
thrown [t:\workspace\open\src\hotspot\share\interpreter\linkResolver.cpp, line 790]
Event: 0.657 Thread 0x000002394deb8ab0 Exception <a 'java/lang/NoSuchMethodError'{0x00000000898070f0}: 'java.lang.Object java.lang.invoke.DirectMethodHandle$Holder.invokeStatic(java.lang.Object, int, java.lang.Object, java.lang.Object, java.lang.Object, java.lang.Object)'> (0x00000000898070f0) 
thrown [t:\workspace\open\src\hotspot\share\interpreter\linkResolver.cpp, line 790]
Event: 0.666 Thread 0x000002394deb8ab0 Exception <a 'java/lang/NoSuchMethodError'{0x000000008982d240}: 'java.lang.Object java.lang.invoke.DirectMethodHandle$Holder.invokeStatic(java.lang.Object, int, java.lang.Object)'> (0x000000008982d240) 
thrown [t:\workspace\open\src\hotspot\share\interpreter\linkResolver.cpp, line 790]
Event: 0.702 Thread 0x000002394deb8ab0 Exception <a 'java/lang/ClassNotFoundException'{0x00000000898e4f00}: com/sun/swing/internal/plaf/metal/resources/spi/metalProvider> (0x00000000898e4f00) 
thrown [t:\workspace\open\src\hotspot\share\classfile\systemDictionary.cpp, line 256]
Event: 0.703 Thread 0x000002394deb8ab0 Exception <a 'java/lang/ClassNotFoundException'{0x00000000898e9348}: com/sun/swing/internal/plaf/basic/resources/spi/basicProvider> (0x00000000898e9348) 
thrown [t:\workspace\open\src\hotspot\share\classfile\systemDictionary.cpp, line 256]
Event: 0.707 Thread 0x000002394deb8ab0 Implicit null exception at 0x0000023958f29e60 to 0x0000023958f29efa
Event: 0.712 Thread 0x000002394deb8ab0 Implicit null exception at 0x0000023958f177af to 0x0000023958f17829
Event: 0.750 Thread 0x000002394deb8ab0 Exception <a 'java/lang/NoSuchMethodError'{0x000000008973b6b0}: 'void java.lang.invoke.DirectMethodHandle$Holder.invokeStaticInit(java.lang.Object)'> (0x000000008973b6b0) 
thrown [t:\workspace\open\src\hotspot\share\interpreter\linkResolver.cpp, line 790]
Event: 0.794 Thread 0x000002394deb8ab0 Exception <a 'sun/nio/fs/WindowsException'{0x00000000897de208}> (0x00000000897de208) 
thrown [t:\workspace\open\src\hotspot\share\prims\jni.cpp, line 579]
Event: 0.871 Thread 0x000002396856f580 Exception <a 'java/io/FileNotFoundException'{0x00000000896193a8}> (0x00000000896193a8) 
thrown [t:\workspace\open\src\hotspot\share\prims\jni.cpp, line 579]
Event: 0.881 Thread 0x000002396856f580 Exception <a 'java/io/FileNotFoundException'{0x0000000089630c60}> (0x0000000089630c60) 
thrown [t:\workspace\open\src\hotspot\share\prims\jni.cpp, line 579]

Events (20 events):
Event: 1.159 loading class sun/font/CMap$CMapFormat4
Event: 1.159 loading class sun/font/CMap$CMapFormat4 done
Event: 1.159 loading class java/nio/ByteBufferAsCharBufferB
Event: 1.159 loading class java/nio/ByteBufferAsCharBufferB done
Event: 1.159 Executing  VM operation: HandshakeAllThreads
Event: 1.159 Executing  VM operation: HandshakeAllThreads done
Event: 1.161 loading class sun/font/FontDesignMetrics$KeyReference
Event: 1.161 loading class sun/font/FontDesignMetrics$KeyReference done
Event: 1.161 loading class sun/font/CompositeGlyphMapper
Event: 1.161 loading class sun/font/CompositeGlyphMapper done
Event: 1.165 loading class java/awt/print/PrinterGraphics
Event: 1.165 loading class java/awt/print/PrinterGraphics done
Event: 1.165 loading class java/awt/PrintGraphics
Event: 1.165 loading class java/awt/PrintGraphics done
Event: 1.165 loading class sun/java2d/loops/FontInfo
Event: 1.165 loading class sun/java2d/loops/FontInfo done
Event: 1.166 loading class javax/swing/plaf/metal/MetalUtils
Event: 1.166 loading class javax/swing/plaf/metal/MetalUtils done
Event: 1.166 loading class javax/swing/JToolBar
Event: 1.166 loading class javax/swing/JToolBar done


Dynamic libraries:
0x00007ff6ad5a0000 - 0x00007ff6ad5ae000 	C:\Users\Shubham\.p2\pool\plugins\org.eclipse.justj.openjdk.hotspot.jre.full.win32.x86_64_16.0.1.v20210528-1205\jre\bin\javaw.exe
0x00007ff854090000 - 0x00007ff854285000 	C:\WINDOWS\SYSTEM32\ntdll.dll
0x00007ff853ce0000 - 0x00007ff853d9d000 	C:\WINDOWS\System32\KERNEL32.DLL
0x00007ff851c20000 - 0x00007ff851ee9000 	C:\WINDOWS\System32\KERNELBASE.dll
0x00007ff8517d0000 - 0x00007ff8518d0000 	C:\WINDOWS\System32\ucrtbase.dll
0x00007ff843e30000 - 0x00007ff843e48000 	C:\Users\Shubham\.p2\pool\plugins\org.eclipse.justj.openjdk.hotspot.jre.full.win32.x86_64_16.0.1.v20210528-1205\jre\bin\jli.dll
0x00007ff852e40000 - 0x00007ff852fe0000 	C:\WINDOWS\System32\USER32.dll
0x00007ff851b30000 - 0x00007ff851b52000 	C:\WINDOWS\System32\win32u.dll
0x00007ff853b10000 - 0x00007ff853b3a000 	C:\WINDOWS\System32\GDI32.dll
0x00007ff851970000 - 0x00007ff851a7b000 	C:\WINDOWS\System32\gdi32full.dll
0x00007ff8518d0000 - 0x00007ff85196d000 	C:\WINDOWS\System32\msvcp_win.dll
0x00007ff83d7e0000 - 0x00007ff83da7a000 	C:\WINDOWS\WinSxS\amd64_microsoft.windows.common-controls_6595b64144ccf1df_6.0.19041.1052_none_60b8f8fd71f5e8cb\COMCTL32.dll
0x00007ff83f160000 - 0x00007ff83f179000 	C:\Users\Shubham\.p2\pool\plugins\org.eclipse.justj.openjdk.hotspot.jre.full.win32.x86_64_16.0.1.v20210528-1205\jre\bin\VCRUNTIME140.dll
0x00007ff853710000 - 0x00007ff8537ae000 	C:\WINDOWS\System32\msvcrt.dll
0x00007ff852a50000 - 0x00007ff852a80000 	C:\WINDOWS\System32\IMM32.DLL
0x00007ff84d0e0000 - 0x00007ff84d0ec000 	C:\Users\Shubham\.p2\pool\plugins\org.eclipse.justj.openjdk.hotspot.jre.full.win32.x86_64_16.0.1.v20210528-1205\jre\bin\vcruntime140_1.dll
0x00007ff832190000 - 0x00007ff832221000 	C:\Users\Shubham\.p2\pool\plugins\org.eclipse.justj.openjdk.hotspot.jre.full.win32.x86_64_16.0.1.v20210528-1205\jre\bin\msvcp140.dll
0x00007ff8058d0000 - 0x00007ff80647b000 	C:\Users\Shubham\.p2\pool\plugins\org.eclipse.justj.openjdk.hotspot.jre.full.win32.x86_64_16.0.1.v20210528-1205\jre\bin\server\jvm.dll
0x00007ff852a80000 - 0x00007ff852b2c000 	C:\WINDOWS\System32\ADVAPI32.dll
0x00007ff853fa0000 - 0x00007ff85403b000 	C:\WINDOWS\System32\sechost.dll
0x00007ff852c40000 - 0x00007ff852d6a000 	C:\WINDOWS\System32\RPCRT4.dll
0x00007ff854040000 - 0x00007ff854048000 	C:\WINDOWS\System32\PSAPI.DLL
0x00007ff84f2e0000 - 0x00007ff84f2e9000 	C:\WINDOWS\SYSTEM32\WSOCK32.dll
0x00007ff853c70000 - 0x00007ff853cdb000 	C:\WINDOWS\System32\WS2_32.dll
0x00007ff84c8f0000 - 0x00007ff84c8fa000 	C:\WINDOWS\SYSTEM32\VERSION.dll
0x00007ff842760000 - 0x00007ff842787000 	C:\WINDOWS\SYSTEM32\WINMM.dll
0x00007ff84f700000 - 0x00007ff84f712000 	C:\WINDOWS\SYSTEM32\kernel.appcore.dll
0x00007ff84ea20000 - 0x00007ff84ea2a000 	C:\Users\Shubham\.p2\pool\plugins\org.eclipse.justj.openjdk.hotspot.jre.full.win32.x86_64_16.0.1.v20210528-1205\jre\bin\jimage.dll
0x00007ff84a7f0000 - 0x00007ff84a9d4000 	C:\WINDOWS\SYSTEM32\DBGHELP.DLL
0x00007ff84a440000 - 0x00007ff84a46c000 	C:\WINDOWS\SYSTEM32\dbgcore.DLL
0x00007ff851b60000 - 0x00007ff851be3000 	C:\WINDOWS\System32\bcryptPrimitives.dll
0x00007ff84de20000 - 0x00007ff84de45000 	C:\Users\Shubham\.p2\pool\plugins\org.eclipse.justj.openjdk.hotspot.jre.full.win32.x86_64_16.0.1.v20210528-1205\jre\bin\java.dll
0x00007ff84de00000 - 0x00007ff84de18000 	C:\Users\Shubham\.p2\pool\plugins\org.eclipse.justj.openjdk.hotspot.jre.full.win32.x86_64_16.0.1.v20210528-1205\jre\bin\zip.dll
0x00007ff852100000 - 0x00007ff85283f000 	C:\WINDOWS\System32\SHELL32.dll
0x00007ff84f900000 - 0x00007ff850091000 	C:\WINDOWS\SYSTEM32\windows.storage.dll
0x00007ff8537b0000 - 0x00007ff853b05000 	C:\WINDOWS\System32\combase.dll
0x00007ff851170000 - 0x00007ff85119c000 	C:\WINDOWS\SYSTEM32\Wldp.dll
0x00007ff853b40000 - 0x00007ff853bee000 	C:\WINDOWS\System32\SHCORE.dll
0x00007ff852b30000 - 0x00007ff852b85000 	C:\WINDOWS\System32\shlwapi.dll
0x00007ff851710000 - 0x00007ff85172f000 	C:\WINDOWS\SYSTEM32\profapi.dll
0x00007ff84dd30000 - 0x00007ff84dd49000 	C:\Users\Shubham\.p2\pool\plugins\org.eclipse.justj.openjdk.hotspot.jre.full.win32.x86_64_16.0.1.v20210528-1205\jre\bin\net.dll
0x00007ff848f30000 - 0x00007ff84903a000 	C:\WINDOWS\SYSTEM32\WINHTTP.dll
0x00007ff850ed0000 - 0x00007ff850f3a000 	C:\WINDOWS\system32\mswsock.dll
0x00007ff84dd10000 - 0x00007ff84dd23000 	C:\Users\Shubham\.p2\pool\plugins\org.eclipse.justj.openjdk.hotspot.jre.full.win32.x86_64_16.0.1.v20210528-1205\jre\bin\nio.dll
0x00007ff815170000 - 0x00007ff8152ef000 	C:\Users\Shubham\.p2\pool\plugins\org.eclipse.justj.openjdk.hotspot.jre.full.win32.x86_64_16.0.1.v20210528-1205\jre\bin\awt.dll
0x00007ff852d70000 - 0x00007ff852e3d000 	C:\WINDOWS\System32\OLEAUT32.dll
0x00007ff84f190000 - 0x00007ff84f220000 	C:\WINDOWS\SYSTEM32\apphelp.dll
0x00007ff84f410000 - 0x00007ff84f43f000 	C:\WINDOWS\system32\DWMAPI.DLL
0x00007ff84f240000 - 0x00007ff84f2de000 	C:\WINDOWS\system32\uxtheme.dll
0x00007ff8350b0000 - 0x00007ff8351d5000 	C:\WINDOWS\system32\opengl32.dll
0x00007ff848ea0000 - 0x00007ff848ecc000 	C:\WINDOWS\SYSTEM32\GLU32.dll
0x00007ff853da0000 - 0x00007ff853eb5000 	C:\WINDOWS\System32\MSCTF.dll
0x00007ff8535e0000 - 0x00007ff85370a000 	C:\WINDOWS\System32\ole32.dll
0x00007ff833f60000 - 0x00007ff833fe9000 	C:\Users\Shubham\.p2\pool\plugins\org.eclipse.justj.openjdk.hotspot.jre.full.win32.x86_64_16.0.1.v20210528-1205\jre\bin\freetype.dll
0x00007ff8157e0000 - 0x00007ff8158d6000 	C:\Users\Shubham\.p2\pool\plugins\org.eclipse.justj.openjdk.hotspot.jre.full.win32.x86_64_16.0.1.v20210528-1205\jre\bin\harfbuzz.dll
0x00007ff83eca0000 - 0x00007ff83ecb2000 	C:\Users\Shubham\.p2\pool\plugins\org.eclipse.justj.openjdk.hotspot.jre.full.win32.x86_64_16.0.1.v20210528-1205\jre\bin\fontmanager.dll
0x00007ff848620000 - 0x00007ff848719000 	C:\WINDOWS\SYSTEM32\textinputframework.dll
0x00007ff84f090000 - 0x00007ff84f182000 	C:\WINDOWS\System32\CoreMessaging.dll
0x00007ff84ed00000 - 0x00007ff84f05e000 	C:\WINDOWS\System32\CoreUIComponents.dll
0x00007ff84e510000 - 0x00007ff84e664000 	C:\WINDOWS\SYSTEM32\wintypes.dll
0x00007ff8504d0000 - 0x00007ff850503000 	C:\WINDOWS\SYSTEM32\ntmarta.dll

dbghelp: loaded successfully - version: 4.0.5 - missing functions: none
symbol engine: initialized successfully - sym options: 0x614 - pdb path: .;C:\Users\Shubham\.p2\pool\plugins\org.eclipse.justj.openjdk.hotspot.jre.full.win32.x86_64_16.0.1.v20210528-1205\jre\bin;C:\WINDOWS\SYSTEM32;C:\WINDOWS\WinSxS\amd64_microsoft.windows.common-controls_6595b64144ccf1df_6.0.19041.1052_none_60b8f8fd71f5e8cb;C:\Users\Shubham\.p2\pool\plugins\org.eclipse.justj.openjdk.hotspot.jre.full.win32.x86_64_16.0.1.v20210528-1205\jre\bin\server

VM Arguments:
jvm_args: -Dfile.encoding=Cp1252 --module-path=C:\Users\Shubham\eclipse-workspace\BMS\bin;D:\mysql-connector-java-8.0.25\mysql-connector-java-8.0.25.jar;D:\jcalendar-tz-1.3.3-4.jar -XX:+ShowCodeDetailsInExceptionMessages -Djdk.module.main=BMS 
java_command: BMS/Bank.Signup3
java_class_path (initial): <not set>
Launcher Type: SUN_STANDARD

[Global flags]
     intx CICompilerCount                          = 3                                         {product} {ergonomic}
     uint ConcGCThreads                            = 1                                         {product} {ergonomic}
     uint G1ConcRefinementThreads                  = 4                                         {product} {ergonomic}
   size_t G1HeapRegionSize                         = 1048576                                   {product} {ergonomic}
    uintx GCDrainStackTargetSize                   = 64                                        {product} {ergonomic}
   size_t InitialHeapSize                          = 134217728                                 {product} {ergonomic}
   size_t MarkStackSize                            = 4194304                                   {product} {ergonomic}
   size_t MaxHeapSize                              = 2116026368                                {product} {ergonomic}
   size_t MaxNewSize                               = 1268776960                                {product} {ergonomic}
   size_t MinHeapDeltaBytes                        = 1048576                                   {product} {ergonomic}
   size_t MinHeapSize                              = 8388608                                   {product} {ergonomic}
    uintx NonNMethodCodeHeapSize                   = 5832780                                {pd product} {ergonomic}
    uintx NonProfiledCodeHeapSize                  = 122912730                              {pd product} {ergonomic}
    uintx ProfiledCodeHeapSize                     = 122912730                              {pd product} {ergonomic}
    uintx ReservedCodeCacheSize                    = 251658240                              {pd product} {ergonomic}
     bool SegmentedCodeCache                       = true                                      {product} {ergonomic}
     bool ShowCodeDetailsInExceptionMessages       = true                                   {manageable} {command line}
   size_t SoftMaxHeapSize                          = 2116026368                             {manageable} {ergonomic}
     bool UseCompressedClassPointers               = true                           {product lp64_product} {ergonomic}
     bool UseCompressedOops                        = true                           {product lp64_product} {ergonomic}
     bool UseG1GC                                  = true                                      {product} {ergonomic}
     bool UseLargePagesIndividualAllocation        = false                                  {pd product} {ergonomic}

Logging:
Log output configuration:
 #0: stdout all=warning uptime,level,tags
 #1: stderr all=off uptime,level,tags

Environment Variables:
JAVA_HOME=C:\Program Files\Java\jdk1.8.0_181
PATH=C:/Users/Shubham/.p2/pool/plugins/org.eclipse.justj.openjdk.hotspot.jre.full.win32.x86_64_16.0.1.v20210528-1205/jre/bin/server;C:/Users/Shubham/.p2/pool/plugins/org.eclipse.justj.openjdk.hotspot.jre.full.win32.x86_64_16.0.1.v20210528-1205/jre/bin;C:\Program Files (x86)\Common Files\Oracle\Java\javapath;C:\Program Files (x86)\Intel\Intel(R) Management Engine Components\iCLS\;C:\Program Files\Intel\Intel(R) Management Engine Components\iCLS\;C:\WINDOWS\system32;C:\WINDOWS;C:\WINDOWS\System32\Wbem;C:\WINDOWS\System32\WindowsPowerShell\v1.0\;C:\Program Files (x86)\Intel\Intel(R) Management Engine Components\DAL;C:\Program Files\Intel\Intel(R) Management Engine Components\DAL;C:\Program Files (x86)\Intel\Intel(R) Management Engine Components\IPT;C:\Program Files\Intel\Intel(R) Management Engine Components\IPT;C:\WINDOWS\System32\OpenSSH\;C:\Users\Shubham\Anaconda3;C:\Users\Shubham\Anaconda3\Scripts;C:\Program Files (x86)\Brackets\command;C:\Program Files\Microsoft VS Code\bin;C:\Program Files (x86)\NVIDIA Corporation\PhysX\Common;C:\Program Files\NVIDIA Corporation\NVIDIA NvDLISR;C:\Program Files\Java\jdk1.8.0_181\bin;C:\Users\Shubham\AppData\Local\Microsoft\WindowsApps;C:\Users\Shubham\AppData\Roaming\npm\node_modules\@angular\cli\bin;C:\Users\Shubham\OneDrive\Desktop;
USERNAME=Shubham
OS=Windows_NT
PROCESSOR_IDENTIFIER=Intel64 Family 6 Model 142 Stepping 9, GenuineIntel



---------------  S Y S T E M  ---------------

OS:
 Windows 10 , 64 bit Build 19041 (10.0.19041.1023)
OS uptime: 20 days 1:37 hours

CPU: total 4 (initial active 4) (2 cores per cpu, 2 threads per core) family 6 model 142 stepping 9 microcode 0xde, cx8, cmov, fxsr, ht, mmx, 3dnowpref, sse, sse2, sse3, ssse3, sse4.1, sse4.2, popcnt, lzcnt, tsc, tscinvbit, avx, avx2, aes, erms, clmul, bmi1, bmi2, adx, fma, vzeroupper, clflush, clflushopt

Memory: 4k page, system-wide physical 8066M (992M free)
TotalPageFile size 32642M (AvailPageFile size 5M)
current process WorkingSet (physical memory assigned to process): 74M, peak: 74M
current process commit charge ("private bytes"): 212M, peak: 212M

vm_info: OpenJDK 64-Bit Server VM (16.0.1+9-24) for windows-amd64 JRE (16.0.1+9-24), built on Mar 26 2021 19:30:07 by "mach5one" with MS VC++ 16.7 (VS2019)

END.
